Determining if the pthread_create exist failed with the following output:
Change Dir: /media/victor/harde schijf/school/HBO2/semester_2/Female-Replacement/Tests/google_test/cmake-build-debug/CMakeFiles/CMakeTmp

Run Build Command:"/usr/bin/make" "cmTC_82396/fast"
/usr/bin/make -f CMakeFiles/cmTC_82396.dir/build.make CMakeFiles/cmTC_82396.dir/build
make[1]: Entering directory '/media/victor/harde schijf/school/HBO2/semester_2/Female-Replacement/Tests/google_test/cmake-build-debug/CMakeFiles/CMakeTmp'
Building C object CMakeFiles/cmTC_82396.dir/CheckSymbolExists.c.o
/usr/bin/cc     -o CMakeFiles/cmTC_82396.dir/CheckSymbolExists.c.o   -c "/media/victor/harde schijf/school/HBO2/semester_2/Female-Replacement/Tests/google_test/cmake-build-debug/CMakeFiles/CMakeTmp/CheckSymbolExists.c"
Linking C executable cmTC_82396
/home/victor/clion-2016.3.2/bin/cmake/bin/cmake -E cmake_link_script CMakeFiles/cmTC_82396.dir/link.txt --verbose=1
/usr/bin/cc       CMakeFiles/cmTC_82396.dir/CheckSymbolExists.c.o  -o cmTC_82396 -rdynamic 
CMakeFiles/cmTC_82396.dir/CheckSymbolExists.c.o: In function `main':
CheckSymbolExists.c:(.text+0x16): undefined reference to `pthread_create'
collect2: error: ld returned 1 exit status
CMakeFiles/cmTC_82396.dir/build.make:97: recipe for target 'cmTC_82396' failed
make[1]: *** [cmTC_82396] Error 1
make[1]: Leaving directory '/media/victor/harde schijf/school/HBO2/semester_2/Female-Replacement/Tests/google_test/cmake-build-debug/CMakeFiles/CMakeTmp'
Makefile:126: recipe for target 'cmTC_82396/fast' failed
make: *** [cmTC_82396/fast] Error 2

File /media/victor/harde schijf/school/HBO2/semester_2/Female-Replacement/Tests/google_test/cmake-build-debug/CMakeFiles/CMakeTmp/CheckSymbolExists.c:
/* */
#include <pthread.h>

int main(int argc, char** argv)
{
  (void)argv;
#ifndef pthread_create
  return ((int*)(&pthread_create))[argc];
#else
  (void)argc;
  return 0;
#endif
}

Determining if the function pthread_create exists in the pthreads failed with the following output:
Change Dir: /media/victor/harde schijf/school/HBO2/semester_2/Female-Replacement/Tests/google_test/cmake-build-debug/CMakeFiles/CMakeTmp

Run Build Command:"/usr/bin/make" "cmTC_4f92d/fast"
/usr/bin/make -f CMakeFiles/cmTC_4f92d.dir/build.make CMakeFiles/cmTC_4f92d.dir/build
make[1]: Entering directory '/media/victor/harde schijf/school/HBO2/semester_2/Female-Replacement/Tests/google_test/cmake-build-debug/CMakeFiles/CMakeTmp'
Building C object CMakeFiles/cmTC_4f92d.dir/CheckFunctionExists.c.o
/usr/bin/cc    -DCHECK_FUNCTION_EXISTS=pthread_create   -o CMakeFiles/cmTC_4f92d.dir/CheckFunctionExists.c.o   -c /home/victor/clion-2016.3.2/bin/cmake/share/cmake-3.6/Modules/CheckFunctionExists.c
Linking C executable cmTC_4f92d
/home/victor/clion-2016.3.2/bin/cmake/bin/cmake -E cmake_link_script CMakeFiles/cmTC_4f92d.dir/link.txt --verbose=1
/usr/bin/cc   -DCHECK_FUNCTION_EXISTS=pthread_create    CMakeFiles/cmTC_4f92d.dir/CheckFunctionExists.c.o  -o cmTC_4f92d -rdynamic -lpthreads 
/usr/bin/ld: cannot find -lpthreads
collect2: error: ld returned 1 exit status
CMakeFiles/cmTC_4f92d.dir/build.make:97: recipe for target 'cmTC_4f92d' failed
make[1]: *** [cmTC_4f92d] Error 1
make[1]: Leaving directory '/media/victor/harde schijf/school/HBO2/semester_2/Female-Replacement/Tests/google_test/cmake-build-debug/CMakeFiles/CMakeTmp'
Makefile:126: recipe for target 'cmTC_4f92d/fast' failed
make: *** [cmTC_4f92d/fast] Error 2


